[0.007s] Invoking command in '/home/kriso/arm_tuto_WS/build/welder_moveit_config': /usr/bin/cmake --build /home/kriso/arm_tuto_WS/build/welder_moveit_config -- -j16 -l16
[0.019s] -- Found ament_cmake: 1.3.11 (/opt/ros/humble/share/ament_cmake/cmake)
[0.094s] -- Override CMake install command with custom implementation using symlinks instead of copying resources
[0.132s] Error parsing '/home/kriso/arm_tuto_WS/src/welder_moveit_config/package.xml':
[0.161s] Traceback (most recent call last):
[0.161s]   File "/opt/ros/humble/share/ament_cmake_core/cmake/core/package_xml_2_cmake.py", line 150, in <module>
[0.161s]     main()
[0.161s]   File "/opt/ros/humble/share/ament_cmake_core/cmake/core/package_xml_2_cmake.py", line 53, in main
[0.161s]     raise e
[0.161s]   File "/opt/ros/humble/share/ament_cmake_core/cmake/core/package_xml_2_cmake.py", line 49, in main
[0.161s]     package = parse_package_string(
[0.161s]   File "/usr/lib/python3/dist-packages/catkin_pkg/package.py", line 788, in parse_package_string
[0.161s]     pkg.validate(warnings=warnings)
[0.161s]   File "/usr/lib/python3/dist-packages/catkin_pkg/package.py", line 330, in validate
[0.161s]     raise InvalidPackage('\n'.join(errors), self.filename)
[0.161s] catkin_pkg.package.InvalidPackage: Error(s) in package '/home/kriso/arm_tuto_WS/src/welder_moveit_config/package.xml':
[0.161s] The package "welder_moveit_config" must not "exec_depend" on a package with the same name as this package
[0.169s] [31mCMake Error at /opt/ros/humble/share/ament_cmake_core/cmake/core/ament_package_xml.cmake:95 (message):
[0.169s]   execute_process(/usr/bin/python3
[0.169s]   /opt/ros/humble/share/ament_cmake_core/cmake/core/package_xml_2_cmake.py
[0.169s]   /home/kriso/arm_tuto_WS/src/welder_moveit_config/package.xml
[0.169s]   /home/kriso/arm_tuto_WS/build/welder_moveit_config/ament_cmake_core/package.cmake)
[0.169s]   returned error code 1
[0.169s] Call Stack (most recent call first):
[0.169s]   /opt/ros/humble/share/ament_cmake_core/cmake/core/ament_package_xml.cmake:49 (_ament_package_xml)
[0.169s]   /opt/ros/humble/share/ament_cmake_core/cmake/core/ament_package.cmake:63 (ament_package_xml)
[0.170s]   CMakeLists.txt:6 (ament_package)
[0.170s] 
[0.170s] [0m
[0.170s] -- Configuring incomplete, errors occurred!
[0.170s] See also "/home/kriso/arm_tuto_WS/build/welder_moveit_config/CMakeFiles/CMakeOutput.log".
[0.171s] gmake: *** [Makefile:226: cmake_check_build_system] ì˜¤ë¥˜ 1
[0.172s] Invoked command in '/home/kriso/arm_tuto_WS/build/welder_moveit_config' returned '2': /usr/bin/cmake --build /home/kriso/arm_tuto_WS/build/welder_moveit_config -- -j16 -l16
